<?xml version="1.0" encoding="UTF-8"?>
<!-- Generated by org.testng.reporters.JUnitReportReporter -->
<testsuite hostname="DESKTOP-EAO4KQV" failures="0" tests="1" name="TestClasses.userCanRemoveProductFromCart" time="0.008" errors="0" timestamp="2022-06-07T23:12:57 IST" skipped="0">
  <testcase classname="TestClasses.userCanRemoveProductFromCart" name="f" time="0.008"/>
  <system-out/>
</testsuite> <!-- TestClasses.userCanRemoveProductFromCart -->
